2021-09-06 16:38:52.843  INFO 16520 --- [main] com.cg.spring.boot.demo.App              : Starting App using Java 16.0.2 on DESKTOP-B0SJGQC with PID 16520 (C:\Users\monaq\Documents\workspace-spring-tool-suite-4-4.11.1.RELEASE\com-cg-spring-boot-demo-aug3\target\classes started by monaq in C:\Users\monaq\Documents\workspace-spring-tool-suite-4-4.11.1.RELEASE\com-cg-spring-boot-demo-aug3)
2021-09-06 16:38:52.844  INFO 16520 --- [main] com.cg.spring.boot.demo.App              : No active profile set, falling back to default profiles: default
2021-09-06 16:38:54.424  INFO 16520 --- [main] o.s.b.w.embedded.tomcat.TomcatWebServer  : Tomcat initialized with port(s): 8082 (http)
2021-09-06 16:38:54.470  INFO 16520 --- [main] o.apache.catalina.core.StandardService   : Starting service [Tomcat]
2021-09-06 16:38:54.472  INFO 16520 --- [main] org.apache.catalina.core.StandardEngine  : Starting Servlet engine: [Apache Tomcat/9.0.52]
2021-09-06 16:38:54.695  INFO 16520 --- [main] o.a.c.c.C.[Tomcat].[localhost].[/]       : Initializing Spring embedded WebApplicationContext
2021-09-06 16:38:54.696  INFO 16520 --- [main] w.s.c.ServletWebServerApplicationContext : Root WebApplicationContext: initialization completed in 1745 ms
2021-09-06 16:38:55.970  INFO 16520 --- [main] o.s.b.w.embedded.tomcat.TomcatWebServer  : Tomcat started on port(s): 8082 (http) with context path ''
2021-09-06 16:38:56.008  INFO 16520 --- [main] com.cg.spring.boot.demo.App              : Started App in 3.798 seconds (JVM running for 4.573)
2021-09-06 16:38:56.020  WARN 16520 --- [main] com.cg.spring.boot.demo.App              : Warning
2021-09-06 16:38:56.020 ERROR 16520 --- [main] com.cg.spring.boot.demo.App              : Error
2021-09-06 16:38:56.022  INFO 16520 --- [main] com.cg.spring.boot.demo.App              : End
2021-09-06 16:39:08.683  INFO 16520 --- [http-nio-8082-exec-1] o.a.c.c.C.[Tomcat].[localhost].[/]       : Initializing Spring DispatcherServlet 'dispatcherServlet'
2021-09-06 16:39:08.685  INFO 16520 --- [http-nio-8082-exec-1] o.s.web.servlet.DispatcherServlet        : Initializing Servlet 'dispatcherServlet'
2021-09-06 16:39:08.687  INFO 16520 --- [http-nio-8082-exec-1] o.s.web.servlet.DispatcherServlet        : Completed initialization in 2 ms
2021-09-06 16:39:08.739  INFO 16520 --- [http-nio-8082-exec-1] com.cg.spring.boot.demo.Hello            : hello
2021-09-06 16:39:14.116  INFO 16520 --- [http-nio-8082-exec-2] com.cg.spring.boot.demo.Hello            : emp
2021-09-06 16:39:25.602  INFO 16520 --- [http-nio-8082-exec-3] com.cg.spring.boot.demo.Hello            : hello
2021-09-06 16:45:14.007  INFO 19032 --- [main] com.cg.spring.boot.demo.App              : Starting App using Java 16.0.2 on DESKTOP-B0SJGQC with PID 19032 (C:\Users\monaq\Documents\workspace-spring-tool-suite-4-4.11.1.RELEASE\com-cg-spring-boot-demo-aug3\target\classes started by monaq in C:\Users\monaq\Documents\workspace-spring-tool-suite-4-4.11.1.RELEASE\com-cg-spring-boot-demo-aug3)
2021-09-06 16:45:14.008  INFO 19032 --- [main] com.cg.spring.boot.demo.App              : No active profile set, falling back to default profiles: default
2021-09-06 16:45:14.758  INFO 19032 --- [main] o.s.b.w.embedded.tomcat.TomcatWebServer  : Tomcat initialized with port(s): 8082 (http)
2021-09-06 16:45:14.766  INFO 19032 --- [main] o.apache.catalina.core.StandardService   : Starting service [Tomcat]
2021-09-06 16:45:14.767  INFO 19032 --- [main] org.apache.catalina.core.StandardEngine  : Starting Servlet engine: [Apache Tomcat/9.0.52]
2021-09-06 16:45:14.831  INFO 19032 --- [main] o.a.c.c.C.[Tomcat].[localhost].[/]       : Initializing Spring embedded WebApplicationContext
2021-09-06 16:45:14.831  INFO 19032 --- [main] w.s.c.ServletWebServerApplicationContext : Root WebApplicationContext: initialization completed in 780 ms
2021-09-06 16:45:15.191  INFO 19032 --- [main] o.s.b.w.embedded.tomcat.TomcatWebServer  : Tomcat started on port(s): 8082 (http) with context path ''
2021-09-06 16:45:15.200  INFO 19032 --- [main] com.cg.spring.boot.demo.App              : Started App in 1.529 seconds (JVM running for 2.182)
2021-09-06 16:45:15.202  WARN 19032 --- [main] com.cg.spring.boot.demo.App              : Warning
2021-09-06 16:45:15.202 ERROR 19032 --- [main] com.cg.spring.boot.demo.App              : Error
2021-09-06 16:45:15.202  INFO 19032 --- [main] com.cg.spring.boot.demo.App              : End
2021-09-06 17:31:32.012  INFO 19032 --- [RMI TCP Connection(57)-127.0.0.1] inMXBeanRegistrar$SpringApplicationAdmin : Application shutdown requested.
